The following requirements are appended: {'cloudpickle==3.1.2', 'pydantic==2.12.5'}
The final list of requirements: ['google-cloud-aiplatform[agent_engines,adk]', 'google-cloud-storage', 'pyyaml', 'cloudpickle==3.1.2', 'pydantic==2.12.5']
Using bucket marketresearch-agents
Traceback (most recent call last):
  File "/usr/local/lib/python3.11/dist-packages/vertexai/agent_engines/_agent_engines.py", line 1216, in _upload_agent_engine
    cloudpickle.dump(agent_engine, f)
  File "/usr/local/lib/python3.11/dist-packages/cloudpickle/cloudpickle.py", line 1526, in dump
    Pickler(file, protocol=protocol, buffer_callback=buffer_callback).dump(obj)
  File "/usr/local/lib/python3.11/dist-packages/cloudpickle/cloudpickle.py", line 1313, in dump
    return super().dump(obj)
           ^^^^^^^^^^^^^^^^^
TypeError: cannot pickle '_thread.lock' object

The above exception was the direct cause of the following exception:

Traceback (most recent call last):
  File "/mnt/c/soljet_dev/ai_stack_development/alphasnap/deploy_agent.py", line 87, in <module>
    deploy()
  File "/mnt/c/soljet_dev/ai_stack_development/alphasnap/deploy_agent.py", line 58, in deploy
    remote_app = agent_engines.create(
                 ^^^^^^^^^^^^^^^^^^^^^
  File "/usr/local/lib/python3.11/dist-packages/vertexai/agent_engines/__init__.py", line 194, in create
    return AgentEngine.create(
           ^^^^^^^^^^^^^^^^^^^
  File "/usr/local/lib/python3.11/dist-packages/vertexai/agent_engines/_agent_engines.py", line 545, in create
    _prepare(
  File "/usr/local/lib/python3.11/dist-packages/vertexai/agent_engines/_agent_engines.py", line 1301, in _prepare
    _upload_agent_engine(
  File "/usr/local/lib/python3.11/dist-packages/vertexai/agent_engines/_agent_engines.py", line 1219, in _upload_agent_engine
    raise TypeError(
TypeError: Failed to serialize agent engine. Visit https://cloud.google.com/vertex-ai/generative-ai/docs/agent-engine/develop/custom#deployment-considerations for details.